  Menu.cpp
C:\Users\gei15\Documents\Visual Studio 2022\Github\Proyecto\Project\main\Menu.cpp(26,47): warning C4244: 'argumento': conversión de 'double' a 'T'; posible pérdida de datos
          with
          [
              T=float
          ]
C:\Users\gei15\Documents\Visual Studio 2022\Github\Proyecto\Project\main\Menu.cpp(33,47): warning C4244: 'argumento': conversión de 'double' a 'T'; posible pérdida de datos
          with
          [
              T=float
          ]
C:\Users\gei15\Documents\Visual Studio 2022\Github\Proyecto\Project\main\Menu.cpp(40,47): warning C4244: 'argumento': conversión de 'double' a 'T'; posible pérdida de datos
          with
          [
              T=float
          ]
C:\Users\gei15\Documents\Visual Studio 2022\Github\Proyecto\Project\main\Menu.cpp(58,33): warning C4244: 'argumento': conversión de 'double' a 'float'; posible pérdida de datos
C:\Users\gei15\Documents\Visual Studio 2022\Github\Proyecto\Project\main\Menu.cpp(70,33): warning C4244: 'argumento': conversión de 'double' a 'float'; posible pérdida de datos
C:\Users\gei15\Documents\Visual Studio 2022\Github\Proyecto\Project\main\Menu.cpp(81,33): warning C4244: 'argumento': conversión de 'double' a 'float'; posible pérdida de datos
C:\Users\gei15\Documents\Visual Studio 2022\Github\Proyecto\Project\main\Menu.cpp(112,82): warning C4244: 'argumento': conversión de 'T' a 'T'; posible pérdida de datos
          with
          [
              T=int
          ]
          and
          [
              T=float
          ]
C:\Users\gei15\Documents\Visual Studio 2022\Github\Proyecto\Project\main\Menu.cpp(112,65): warning C4244: 'argumento': conversión de 'T' a 'T'; posible pérdida de datos
          with
          [
              T=int
          ]
          and
          [
              T=float
          ]
C:\Users\gei15\Documents\Visual Studio 2022\Github\Proyecto\Project\main\Menu.cpp(122,86): warning C4244: 'argumento': conversión de 'T' a 'T'; posible pérdida de datos
          with
          [
              T=int
          ]
          and
          [
              T=float
          ]
C:\Users\gei15\Documents\Visual Studio 2022\Github\Proyecto\Project\main\Menu.cpp(122,69): warning C4244: 'argumento': conversión de 'T' a 'T'; posible pérdida de datos
          with
          [
              T=int
          ]
          and
          [
              T=float
          ]
C:\Users\gei15\Documents\Visual Studio 2022\Github\Proyecto\Project\main\Menu.cpp(131,82): warning C4244: 'argumento': conversión de 'T' a 'T'; posible pérdida de datos
          with
          [
              T=int
          ]
          and
          [
              T=float
          ]
C:\Users\gei15\Documents\Visual Studio 2022\Github\Proyecto\Project\main\Menu.cpp(131,65): warning C4244: 'argumento': conversión de 'T' a 'T'; posible pérdida de datos
          with
          [
              T=int
          ]
          and
          [
              T=float
          ]
  main.cpp
  Generando código...
  main.vcxproj -> C:\Users\gei15\Documents\Visual Studio 2022\Github\Proyecto\Project\main\x64\Debug\main.exe
